This is pdfTeX, Version 3.14159265-2.6-1.40.20 (TeX Live 2019/Debian) (preloaded format=pdflatex 2020.9.22)  20 DEC 2020 09:08
entering extended mode
 restricted \write18 enabled.
 %&-line parsing enabled.
**ProjectReport.tex
(./ProjectReport.tex
LaTeX2e <2020-02-02> patch level 2
L3 programming layer <2020-02-14>
(/usr/share/texlive/texmf-dist/tex/latex/base/article.cls
Document Class: article 2019/12/20 v1.4l Standard LaTeX document class
(/usr/share/texlive/texmf-dist/tex/latex/base/size12.clo
File: size12.clo 2019/12/20 v1.4l Standard LaTeX file (size option)
)
\c@part=\count167
\c@section=\count168
\c@subsection=\count169
\c@subsubsection=\count170
\c@paragraph=\count171
\c@subparagraph=\count172
\c@figure=\count173
\c@table=\count174
\abovecaptionskip=\skip47
\belowcaptionskip=\skip48
\bibindent=\dimen134
)
(/usr/share/texlive/texmf-dist/tex/latex/amsfonts/amsfonts.sty
Package: amsfonts 2013/01/14 v3.01 Basic AMSFonts support
\@emptytoks=\toks14
\symAMSa=\mathgroup4
\symAMSb=\mathgroup5
LaTeX Font Info:    Redeclaring math symbol \hbar on input line 98.
LaTeX Font Info:    Overwriting math alphabet `\mathfrak' in version `bold'
(Font)                  U/euf/m/n --> U/euf/b/n on input line 106.
)
(/usr/share/texlive/texmf-dist/tex/latex/amsmath/amsmath.sty
Package: amsmath 2020/01/20 v2.17e AMS math features
\@mathmargin=\skip49

For additional information on amsmath, use the `?' option.
(/usr/share/texlive/texmf-dist/tex/latex/amsmath/amstext.sty
Package: amstext 2000/06/29 v2.01 AMS text

(/usr/share/texlive/texmf-dist/tex/latex/amsmath/amsgen.sty
File: amsgen.sty 1999/11/30 v2.0 generic functions
\@emptytoks=\toks15
\ex@=\dimen135
))
(/usr/share/texlive/texmf-dist/tex/latex/amsmath/amsbsy.sty
Package: amsbsy 1999/11/29 v1.2d Bold Symbols
\pmbraise@=\dimen136
)
(/usr/share/texlive/texmf-dist/tex/latex/amsmath/amsopn.sty
Package: amsopn 2016/03/08 v2.02 operator names
)
\inf@bad=\count175
LaTeX Info: Redefining \frac on input line 227.
\uproot@=\count176
\leftroot@=\count177
LaTeX Info: Redefining \overline on input line 389.
\classnum@=\count178
\DOTSCASE@=\count179
LaTeX Info: Redefining \ldots on input line 486.
LaTeX Info: Redefining \dots on input line 489.
LaTeX Info: Redefining \cdots on input line 610.
\Mathstrutbox@=\box45
\strutbox@=\box46
\big@size=\dimen137
LaTeX Font Info:    Redeclaring font encoding OML on input line 733.
LaTeX Font Info:    Redeclaring font encoding OMS on input line 734.
\macc@depth=\count180
\c@MaxMatrixCols=\count181
\dotsspace@=\muskip16
\c@parentequation=\count182
\dspbrk@lvl=\count183
\tag@help=\toks16
\row@=\count184
\column@=\count185
\maxfields@=\count186
\andhelp@=\toks17
\eqnshift@=\dimen138
\alignsep@=\dimen139
\tagshift@=\dimen140
\tagwidth@=\dimen141
\totwidth@=\dimen142
\lineht@=\dimen143
\@envbody=\toks18
\multlinegap=\skip50
\multlinetaggap=\skip51
\mathdisplay@stack=\toks19
LaTeX Info: Redefining \[ on input line 2859.
LaTeX Info: Redefining \] on input line 2860.
)
(/usr/share/texlive/texmf-dist/tex/latex/fancyhdr/fancyhdr.sty
Package: fancyhdr 2019/01/31 v3.10 Extensive control of page headers and footer
s
\f@nch@headwidth=\skip52
\f@nch@O@elh=\skip53
\f@nch@O@erh=\skip54
\f@nch@O@olh=\skip55
\f@nch@O@orh=\skip56
\f@nch@O@elf=\skip57
\f@nch@O@erf=\skip58
\f@nch@O@olf=\skip59
\f@nch@O@orf=\skip60
)
(/usr/share/texlive/texmf-dist/tex/latex/algorithms/algorithm.sty
Package: algorithm 2009/08/24 v0.1 Document Style `algorithm' - floating enviro
nment

(/usr/share/texlive/texmf-dist/tex/latex/float/float.sty
Package: float 2001/11/08 v1.3d Float enhancements (AL)
\c@float@type=\count187
\float@exts=\toks20
\float@box=\box47
\@float@everytoks=\toks21
\@floatcapt=\box48
)
(/usr/share/texlive/texmf-dist/tex/latex/base/ifthen.sty
Package: ifthen 2014/09/29 v1.1c Standard LaTeX ifthen package (DPC)
)
\@float@every@algorithm=\toks22
\c@algorithm=\count188
)
(/usr/share/texlive/texmf-dist/tex/latex/algorithmicx/algpseudocode.sty
Package: algpseudocode 

(/usr/share/texlive/texmf-dist/tex/latex/algorithmicx/algorithmicx.sty
Package: algorithmicx 2005/04/27 v1.2 Algorithmicx

Document Style algorithmicx 1.2 - a greatly improved `algorithmic' style
\c@ALG@line=\count189
\c@ALG@rem=\count190
\c@ALG@nested=\count191
\ALG@tlm=\skip61
\ALG@thistlm=\skip62
\c@ALG@Lnr=\count192
\c@ALG@blocknr=\count193
\c@ALG@storecount=\count194
\c@ALG@tmpcounter=\count195
\ALG@tmplength=\skip63
)
Document Style - pseudocode environments for use with the `algorithmicx' style
) (/usr/share/texlive/texmf-dist/tex/latex/bbm-macros/bbm.sty
Package: bbm 1999/03/15 V 1.2 provides fonts for set symbols - TH
LaTeX Font Info:    Overwriting math alphabet `\mathbbm' in version `bold'
(Font)                  U/bbm/m/n --> U/bbm/bx/n on input line 33.
LaTeX Font Info:    Overwriting math alphabet `\mathbbmss' in version `bold'
(Font)                  U/bbmss/m/n --> U/bbmss/bx/n on input line 35.
)
(/usr/share/texlive/texmf-dist/tex/latex/csquotes/csquotes.sty
Package: csquotes 2019-12-06 v5.2j context-sensitive quotations (JAW)

(/usr/share/texlive/texmf-dist/tex/latex/etoolbox/etoolbox.sty
Package: etoolbox 2019/09/21 v2.5h e-TeX tools for LaTeX (JAW)
\etb@tempcnta=\count196
)
(/usr/share/texlive/texmf-dist/tex/latex/graphics/keyval.sty
Package: keyval 2014/10/28 v1.15 key=value parser (DPC)
\KV@toks@=\toks23
)
\csq@reset=\count197
\csq@gtype=\count198
\csq@glevel=\count199
\csq@qlevel=\count266
\csq@maxlvl=\count267
\csq@tshold=\count268
\csq@ltx@everypar=\toks24

(/usr/share/texlive/texmf-dist/tex/latex/csquotes/csquotes.def
File: csquotes.def 2019-12-06 v5.2j csquotes generic definitions (JAW)
)
Package csquotes Info: Trying to load configuration file 'csquotes.cfg'...
Package csquotes Info: ... configuration file loaded successfully.

(/usr/share/texlive/texmf-dist/tex/latex/csquotes/csquotes.cfg
File: csquotes.cfg 
))
(/usr/share/texlive/texmf-dist/tex/latex/graphics/graphicx.sty
Package: graphicx 2019/11/30 v1.2a Enhanced LaTeX Graphics (DPC,SPQR)

(/usr/share/texlive/texmf-dist/tex/latex/graphics/graphics.sty
Package: graphics 2019/11/30 v1.4a Standard LaTeX Graphics (DPC,SPQR)

(/usr/share/texlive/texmf-dist/tex/latex/graphics/trig.sty
Package: trig 2016/01/03 v1.10 sin cos tan (DPC)
)
(/usr/share/texlive/texmf-dist/tex/latex/graphics-cfg/graphics.cfg
File: graphics.cfg 2016/06/04 v1.11 sample graphics configuration
)
Package graphics Info: Driver file: pdftex.def on input line 105.

(/usr/share/texlive/texmf-dist/tex/latex/graphics-def/pdftex.def
File: pdftex.def 2018/01/08 v1.0l Graphics/color driver for pdftex
))
\Gin@req@height=\dimen144
\Gin@req@width=\dimen145
)
(/usr/share/texlive/texmf-dist/tex/latex/url/url.sty
\Urlmuskip=\muskip17
Package: url 2013/09/16  ver 3.4  Verb mode for urls, etc.
)
\c@theorem=\count269
\c@result=\count270
\c@definition=\count271
Package csquotes Info: Checking for multilingual support...
Package csquotes Info: ... none found.

(/usr/share/texlive/texmf-dist/tex/latex/l3backend/l3backend-pdfmode.def
File: l3backend-pdfmode.def 2020-02-03 L3 backend support: PDF mode
\l__kernel_color_stack_int=\count272
\l__pdf_internal_box=\box49
)
(./ProjectReport.aux)
\openout1 = `ProjectReport.aux'.

LaTeX Font Info:    Checking defaults for OML/cmm/m/it on input line 26.
LaTeX Font Info:    ... okay on input line 26.
LaTeX Font Info:    Checking defaults for OMS/cmsy/m/n on input line 26.
LaTeX Font Info:    ... okay on input line 26.
LaTeX Font Info:    Checking defaults for OT1/cmr/m/n on input line 26.
LaTeX Font Info:    ... okay on input line 26.
LaTeX Font Info:    Checking defaults for T1/cmr/m/n on input line 26.
LaTeX Font Info:    ... okay on input line 26.
LaTeX Font Info:    Checking defaults for TS1/cmr/m/n on input line 26.
LaTeX Font Info:    ... okay on input line 26.
LaTeX Font Info:    Checking defaults for OMX/cmex/m/n on input line 26.
LaTeX Font Info:    ... okay on input line 26.
LaTeX Font Info:    Checking defaults for U/cmr/m/n on input line 26.
LaTeX Font Info:    ... okay on input line 26.

(/usr/share/texlive/texmf-dist/tex/context/base/mkii/supp-pdf.mkii
[Loading MPS to PDF converter (version 2006.09.02).]
\scratchcounter=\count273
\scratchdimen=\dimen146
\scratchbox=\box50
\nofMPsegments=\count274
\nofMParguments=\count275
\everyMPshowfont=\toks25
\MPscratchCnt=\count276
\MPscratchDim=\dimen147
\MPnumerator=\count277
\makeMPintoPDFobject=\count278
\everyMPtoPDFconversion=\toks26
) (/usr/share/texlive/texmf-dist/tex/latex/epstopdf-pkg/epstopdf-base.sty
Package: epstopdf-base 2020-01-24 v2.11 Base part for package epstopdf
Package epstopdf-base Info: Redefining graphics rule for `.eps' on input line 4
85.

(/usr/share/texlive/texmf-dist/tex/latex/latexconfig/epstopdf-sys.cfg
File: epstopdf-sys.cfg 2010/07/13 v1.3 Configuration of (r)epstopdf for TeX Liv
e
))
LaTeX Font Info:    Trying to load font information for U+msa on input line 37.


(/usr/share/texlive/texmf-dist/tex/latex/amsfonts/umsa.fd
File: umsa.fd 2013/01/14 v3.01 AMS symbols A
)
LaTeX Font Info:    Trying to load font information for U+msb on input line 37.


(/usr/share/texlive/texmf-dist/tex/latex/amsfonts/umsb.fd
File: umsb.fd 2013/01/14 v3.01 AMS symbols B
) [1

{/var/lib/texmf/fonts/map/pdftex/updmap/pdftex.map}]

Package Fancyhdr Warning: \headheight is too small (12.0pt): 
Make it at least 14.49998pt.
We now make it that large for the rest of the document.
This may cause the page layout to be inconsistent, however.

[2

] [3

] [4] [5]
<./figures/route-l-map.png, id=30, 607.5498pt x 180.1932pt>
File: ./figures/route-l-map.png Graphic file (type png)
<use ./figures/route-l-map.png>
Package pdftex.def Info: ./figures/route-l-map.png  used on input line 178.
(pdftex.def)             Requested size: 486.04051pt x 144.15474pt.

Overfull \hbox (16.28552pt too wide) in paragraph at lines 178--179
 [][] 
 []


Underfull \hbox (badness 10000) in paragraph at lines 183--184

 []


Overfull \hbox (40.69785pt too wide) in paragraph at lines 188--192
\OT1/cmr/m/n/12 Our model spec-i-fies as a pa-ram-e-ter a se-quence of $\OML/cm
m/m/it/12 n$ \OT1/cmr/m/n/12 ar-rival rates of pas-sen-gers $\OMS/cmsy/m/n/12 f
\OML/cmm/m/it/12 ^^U[]\OT1/cmr/m/n/12 (\OML/cmm/m/it/12 t\OT1/cmr/m/n/12 )\OML/
cmm/m/it/12 ; ^^U[]\OT1/cmr/m/n/12 (\OML/cmm/m/it/12 t\OT1/cmr/m/n/12 )\OML/cmm
/m/it/12 ; :::; ^^U[]\OT1/cmr/m/n/12 (\OML/cmm/m/it/12 t\OT1/cmr/m/n/12 )\OMS/c
msy/m/n/12 g$
 []

LaTeX Font Info:    Trying to load font information for U+bbm on input line 193
.
(/usr/share/texlive/texmf-dist/tex/latex/bbm-macros/ubbm.fd
File: ubbm.fd 1999/03/15 V 1.2 Font definition for bbm font - TH
) [6 <./figures/route-l-map.png>]
<./figures/l-line-scheule-snip.png, id=39, 280.4076pt x 245.718pt>
File: ./figures/l-line-scheule-snip.png Graphic file (type png)
<use ./figures/l-line-scheule-snip.png>
Package pdftex.def Info: ./figures/l-line-scheule-snip.png  used on input line 
221.
(pdftex.def)             Requested size: 280.4069pt x 245.71739pt.


LaTeX Warning: `h' float specifier changed to `ht'.

[7]
<./figures/two-hex2.png, id=45, 403.5075pt x 696.6025pt>
File: ./figures/two-hex2.png Graphic file (type png)
<use ./figures/two-hex2.png>
Package pdftex.def Info: ./figures/two-hex2.png  used on input line 234.
(pdftex.def)             Requested size: 121.05318pt x 208.98236pt.


LaTeX Warning: `h' float specifier changed to `ht'.

<./figures/hex-train-dims.png, id=46, 959.585pt x 148.555pt>
File: ./figures/hex-train-dims.png Graphic file (type png)
<use ./figures/hex-train-dims.png>
Package pdftex.def Info: ./figures/hex-train-dims.png  used on input line 247.
(pdftex.def)             Requested size: 431.80927pt x 66.84912pt.

LaTeX Warning: `h' float specifier changed to `ht'.

<./figures/hex-counting.png, id=47, 556.0775pt x 609.27625pt>
File: ./figures/hex-counting.png Graphic file (type png)
<use ./figures/hex-counting.png>
Package pdftex.def Info: ./figures/hex-counting.png  used on input line 260.
(pdftex.def)             Requested size: 194.63004pt x 213.24988pt.
[8 <./figures/l-line-scheule-snip.png>]

LaTeX Warning: `h' float specifier changed to `ht'.

<./figures/hex-train-full-safe.png, id=52, 959.585pt x 148.555pt>
File: ./figures/hex-train-full-safe.png Graphic file (type png)
<use ./figures/hex-train-full-safe.png>
Package pdftex.def Info: ./figures/hex-train-full-safe.png  used on input line 
269.
(pdftex.def)             Requested size: 431.80927pt x 66.84912pt.
[9 <./figures/two-hex2.png> <./figures/hex-train-dims.png>]
<./figures/hex-train-full-unsafe.png, id=57, 959.585pt x 148.555pt>
File: ./figures/hex-train-full-unsafe.png Graphic file (type png)
<use ./figures/hex-train-full-unsafe.png>
Package pdftex.def Info: ./figures/hex-train-full-unsafe.png  used on input lin
e 278.
(pdftex.def)             Requested size: 431.80927pt x 66.84912pt.
 [10 <./figures/hex-counting.png> <./figures/hex-train-full-safe.png> <./figure
s/hex-train-full-unsafe.png>]
<./figures/hex-train-disembark.png, id=61, 959.585pt x 148.555pt>
File: ./figures/hex-train-disembark.png Graphic file (type png)
<use ./figures/hex-train-disembark.png>
Package pdftex.def Info: ./figures/hex-train-disembark.png  used on input line 
294.
(pdftex.def)             Requested size: 431.80927pt x 66.84912pt.
<./figures/hex-train-rearranged.png, id=62, 959.585pt x 148.555pt>
File: ./figures/hex-train-rearranged.png Graphic file (type png)
<use ./figures/hex-train-rearranged.png>
Package pdftex.def Info: ./figures/hex-train-rearranged.png  used on input line
 306.
(pdftex.def)             Requested size: 431.80927pt x 66.84912pt.
<./figures/hex-grid-trans-0.png, id=63, 704.6325pt x 396.48125pt>
File: ./figures/hex-grid-trans-0.png Graphic file (type png)
<use ./figures/hex-grid-trans-0.png>
Package pdftex.def Info: ./figures/hex-grid-trans-0.png  used on input line 325
.
(pdftex.def)             Requested size: 142.8083pt x 80.35355pt.
<./figures/hex-grid-trans-1.png, id=64, 704.6325pt x 352.31625pt>
File: ./figures/hex-grid-trans-1.png Graphic file (type png)
<use ./figures/hex-grid-trans-1.png>
Package pdftex.def Info: ./figures/hex-grid-trans-1.png  used on input line 332
.
(pdftex.def)             Requested size: 142.8083pt x 71.40277pt.
<./figures/hex-grid-trans-2.png, id=65, 704.6325pt x 352.31625pt>
File: ./figures/hex-grid-trans-2.png Graphic file (type png)
<use ./figures/hex-grid-trans-2.png>
Package pdftex.def Info: ./figures/hex-grid-trans-2.png  used on input line 340
.
(pdftex.def)             Requested size: 142.8083pt x 71.40277pt.


LaTeX Warning: `h' float specifier changed to `ht'.

[11 <./figures/hex-train-disembark.png> <./figures/hex-train-rearranged.png>]
[12 <./figures/hex-grid-trans-0.png> <./figures/hex-grid-trans-1.png> <./figure
s/hex-grid-trans-2.png>]
<./figures/var-red-results.png, id=73, 895.09406pt x 432.86719pt>
File: ./figures/var-red-results.png Graphic file (type png)
<use ./figures/var-red-results.png>
Package pdftex.def Info: ./figures/var-red-results.png  used on input line 389.

(pdftex.def)             Requested size: 456.49193pt x 220.75934pt.


LaTeX Warning: `h' float specifier changed to `ht'.

[13] [14 <./figures/var-red-results.png>] [15]
<./figures/brookly-bound-results.png, id=86, 542.025pt x 169.8345pt>
File: ./figures/brookly-bound-results.png Graphic file (type png)
<use ./figures/brookly-bound-results.png>
Package pdftex.def Info: ./figures/brookly-bound-results.png  used on input lin
e 478.
(pdftex.def)             Requested size: 446.2658pt x 139.8353pt.


LaTeX Warning: `h' float specifier changed to `ht'.

<./figures/manhattan-bound-results.png, id=87, 536.2434pt x 169.8345pt>
File: ./figures/manhattan-bound-results.png Graphic file (type png)
<use ./figures/manhattan-bound-results.png>
Package pdftex.def Info: ./figures/manhattan-bound-results.png  used on input l
ine 485.
(pdftex.def)             Requested size: 446.2658pt x 141.34354pt.
[16]
Overfull \hbox (25.34601pt too wide) in paragraph at lines 495--504
 [] 
 []

[17 <./figures/brookly-bound-results.png> <./figures/manhattan-bound-results.pn
g>] [18] [19]
Underfull \hbox (badness 1852) in paragraph at lines 608--609
\OT1/cmr/m/n/12 Ge-og-ra-phy``, $\OT1/cmtt/m/n/12 https : / / data . census . g
ov / cedsci / table ? q = ACSDT1Y2017 . B08406 & g =
 []


Underfull \hbox (badness 10000) in paragraph at lines 618--619
[]\OT1/cmr/m/n/12 Carl Heneghan, Jon Brassey, Tom Jef-fer-son ``SARS-CoV-2 vi-r
al load
 []


Underfull \hbox (badness 10000) in paragraph at lines 618--619
\OT1/cmr/m/n/12 and the sever-ity of COVID-19``$\OT1/cmtt/m/n/12 https : / / ww
w . cebm . net / covid-[]19 /
 []

[20

] (./ProjectReport.aux) ) 
Here is how much of TeX's memory you used:
 3832 strings out of 481239
 55104 string characters out of 5920377
 311100 words of memory out of 5000000
 19033 multiletter control sequences out of 15000+600000
 544573 words of font info for 71 fonts, out of 8000000 for 9000
 1141 hyphenation exceptions out of 8191
 30i,17n,45p,1889b,313s stack positions out of 5000i,500n,10000p,200000b,80000s
{/usr/share/texmf/fonts/enc/dvips/cm-super/cm-super-ts
1.enc} </home/washburn/.texlive2019/texmf-var/fonts/pk/ljfour/public/bbm/bbm12.
600pk></usr/share/texlive/texmf-dist/fonts/type1/public/amsfonts/cm/cmbx10.pfb>
</usr/share/texlive/texmf-dist/fonts/type1/public/amsfonts/cm/cmbx12.pfb></usr/
share/texlive/texmf-dist/fonts/type1/public/amsfonts/cm/cmcsc10.pfb></usr/share
/texlive/texmf-dist/fonts/type1/public/amsfonts/cm/cmex10.pfb></usr/share/texli
ve/texmf-dist/fonts/type1/public/amsfonts/cm/cmmi12.pfb></usr/share/texlive/tex
mf-dist/fonts/type1/public/amsfonts/cm/cmmi6.pfb></usr/share/texlive/texmf-dist
/fonts/type1/public/amsfonts/cm/cmmi8.pfb></usr/share/texlive/texmf-dist/fonts/
type1/public/amsfonts/cm/cmr10.pfb></usr/share/texlive/texmf-dist/fonts/type1/p
ublic/amsfonts/cm/cmr12.pfb></usr/share/texlive/texmf-dist/fonts/type1/public/a
msfonts/cm/cmr8.pfb></usr/share/texlive/texmf-dist/fonts/type1/public/amsfonts/
cm/cmss12.pfb></usr/share/texlive/texmf-dist/fonts/type1/public/amsfonts/cm/cms
y10.pfb></usr/share/texlive/texmf-dist/fonts/type1/public/amsfonts/cm/cmsy6.pfb
></usr/share/texlive/texmf-dist/fonts/type1/public/amsfonts/cm/cmsy8.pfb></usr/
share/texlive/texmf-dist/fonts/type1/public/amsfonts/cm/cmti12.pfb></usr/share/
texlive/texmf-dist/fonts/type1/public/amsfonts/cm/cmtt12.pfb></usr/share/texliv
e/texmf-dist/fonts/type1/public/amsfonts/symbols/msbm10.pfb></usr/share/texmf/f
onts/type1/public/cm-super/sfrm1200.pfb>
Output written on ProjectReport.pdf (20 pages, 650887 bytes).
PDF statistics:
 171 PDF objects out of 1000 (max. 8388607)
 106 compressed objects within 2 object streams
 0 named destinations out of 1000 (max. 500000)
 76 words of extra memory for PDF output out of 10000 (max. 10000000)

